<?xml version="1.0" encoding="UTF-8"?>
<!-- Generated by org.testng.reporters.JUnitReportReporter -->
<testsuite hostname="MdThalha" failures="0" tests="4" name="TestNg.com.Ignore_Concept" time="0.032" errors="0" timestamp="2022-02-13T21:49:04 IST" skipped="1">
  <testcase classname="TestNg.com.Ignore_Concept" name="spotify" time="0.004"/>
  <system-out/>
  <testcase classname="TestNg.com.Ignore_Concept" name="facebook" time="0.022"/>
  <system-out/>
  <testcase classname="TestNg.com.Ignore_Concept" name="wynk" time="0.006"/>
  <system-out/>
  <testcase classname="TestNg.com.Ignore_Concept" name="whatsapp">
    <skipped/>
  </testcase> <!-- whatsapp -->
  <system-out/>
</testsuite> <!-- TestNg.com.Ignore_Concept -->
