<?xml version="1.0" encoding="UTF-8"?>
<!-- Generated by org.testng.reporters.JUnitReportReporter -->
<testsuite hostname="MdThalha" failures="0" tests="4" name="TestNg.com.Priority_Test" time="0.083" errors="0" timestamp="2022-02-10T21:00:19 IST" skipped="0">
  <testcase classname="TestNg.com.Priority_Test" name="sslc" time="0.037"/>
  <system-out/>
  <testcase classname="TestNg.com.Priority_Test" name="hsc" time="0.013"/>
  <system-out/>
  <testcase classname="TestNg.com.Priority_Test" name="university" time="0.022"/>
  <system-out/>
  <testcase classname="TestNg.com.Priority_Test" name="job" time="0.011"/>
  <system-out/>
</testsuite> <!-- TestNg.com.Priority_Test -->
