<?xml version="1.0" encoding="UTF-8"?>
<!-- Generated by org.testng.reporters.JUnitReportReporter -->
<testsuite hostname="MdThalha" failures="0" tests="5" name="TestNg.com.Invocation_Count" time="0.074" errors="0" timestamp="2022-02-10T21:05:52 IST" skipped="0">
  <testcase classname="TestNg.com.Invocation_Count" name="setproperty" time="0.034"/>
  <system-out/>
  <testcase classname="TestNg.com.Invocation_Count" name="browserLaunch" time="0.009"/>
  <system-out/>
  <testcase classname="TestNg.com.Invocation_Count" name="url" time="0.006"/>
  <system-out/>
  <testcase classname="TestNg.com.Invocation_Count" name="Refresh" time="0.017"/>
  <system-out/>
  <testcase classname="TestNg.com.Invocation_Count" name="Refresh" time="0.008"/>
  <system-out/>
</testsuite> <!-- TestNg.com.Invocation_Count -->
