<?xml version="1.0" encoding="UTF-8"?>
<!-- Generated by org.testng.reporters.JUnitReportReporter -->
<testsuite hostname="MdThalha" failures="0" tests="3" name="TestNg.com.Simple_Annotation" time="0.076" errors="0" timestamp="2022-02-10T20:51:07 IST" skipped="0">
  <testcase classname="TestNg.com.Simple_Annotation" name="child" time="0.055"/>
  <system-out/>
  <testcase classname="TestNg.com.Simple_Annotation" name="men" time="0.008"/>
  <system-out/>
  <testcase classname="TestNg.com.Simple_Annotation" name="women" time="0.013"/>
  <system-out/>
</testsuite> <!-- TestNg.com.Simple_Annotation -->
